I am job 60328576 running on nodes sn16
mean GFT_SM_preffarm_TV1|delta=1 0.03227011109564069 max GFT_SM_preffarm_TV1|delta=1 0.059168452761824086
mean GFT_SM_U_TV1|delta=1 0.030122475216397375 max GFT_SM_U_TV1|delta=1 0.047968988279771106
mean GFT_SM_pmax_TV1|delta=1 0.07113340595592221 max GFT_SM_pmax_TV1|delta=1 0.1115951642015873
mean GFT_SM_preffarm_TV0|delta 0.134204948930889 max GFT_SM_preffarm_TV0|delta 0.7510725071396417
mean GFT_SM_U_TV0|delta 0.11427197626742074 max GFT_SM_U_TV0|delta 0.6660489661299944
mean GFT_SM_pmax_TV0|delta 0.21798321641311322 max GFT_SM_pmax_TV0|delta 0.6526535289484635
num_trading_agents_profmax series 0     0.422
1     0.408
2     0.154
3     0.496
4     0.550
5     0.312
6     0.022
7     0.660
8     0.080
9     0.210
10    0.390
11    0.194
12    0.246
13    0.442
14    0.174
15    0.350
16    0.510
17    0.100
18    0.328
19    0.696
20    0.042
21    0.732
22    0.706
23    0.720
24    0.728
25    0.718
26    0.222
27    0.740
28    0.688
29    0.370
30    0.526
31    0.460
32    0.626
33    0.542
34    0.284
35    0.596
36    0.064
37    0.616
38    0.744
39    0.628
40    0.638
41    0.674
42    0.268
43    0.722
44    0.692
45    0.298
46    0.636
47    0.532
48    0.132
49    0.728
50    0.514
51    0.114
52    0.746
53    0.618
54    0.664
55    0.740
56    0.596
57    0.554
58    0.656
59    0.762
60    0.572
61    0.704
62    0.188
63    0.418
64    0.256
65    0.132
66    0.476
67    0.208
68    0.104
69    0.468
70    0.364
71    0.490
72    0.228
73    0.440
74    0.314
75    0.382
76    0.062
77    0.298
78    0.164
79    0.338
80    0.036
81    0.270
82    0.572
83    0.088
84    0.398
85    0.754
86    0.746
87    0.586
88    0.766
89    0.740
90    0.670
91    0.752
92    0.752
93    0.748
94    0.754
95    0.760
96    0.764
97    0.754
98    0.750
Name: num_trading_agents_SM, dtype: float64
mean num_trading_agents_preffarm 0.15284848484848484 max num_trading_agents_preffarm 0.284
mean num_trading_agents_profmax 0.4752121212121212 max num_trading_agents_profmax 0.766
mean num_trading_agents_U 0.37269182479361035 max num_trading_agents_U 0.644
Completed job on node sn16
